<?xml version="1.0" encoding="UTF-8"?>
<testsuite xmlns:xsi="http://www.w3.org/2001/XMLSchema-instance" xsi:noNamespaceSchemaLocation="https://maven.apache.org/surefire/maven-surefire-plugin/xsd/surefire-test-report-3.0.xsd" version="3.0" name="me.sachingupta.assignment.AppTest" time="0.15" tests="1" errors="0" skipped="0" failures="0">
  <properties>
    <property name="sun.desktop" value="windows"/>
    <property name="awt.toolkit" value="sun.awt.windows.WToolkit"/>
    <property name="file.encoding.pkg" value="sun.io"/>
    <property name="java.specification.version" value="1.8"/>
    <property name="sun.cpu.isalist" value="amd64"/>
    <property name="sun.jnu.encoding" value="Cp1252"/>
    <property name="java.class.path" value="C:\MyData\Workspace\assignment\target\test-classes;C:\MyData\Workspace\assignment\target\classes;C:\Users\sachin-gu\.m2\repository\org\apache\hadoop\hadoop-common\2.10.1\hadoop-common-2.10.1.jar;C:\Users\sachin-gu\.m2\repository\org\apache\hadoop\hadoop-annotations\2.10.1\hadoop-annotations-2.10.1.jar;C:\Program Files\Java\jdk1.8.0_241\jre\..\lib\tools.jar;C:\Users\sachin-gu\.m2\repository\com\google\guava\guava\11.0.2\guava-11.0.2.jar;C:\Users\sachin-gu\.m2\repository\commons-cli\commons-cli\1.2\commons-cli-1.2.jar;C:\Users\sachin-gu\.m2\repository\org\apache\commons\commons-math3\3.1.1\commons-math3-3.1.1.jar;C:\Users\sachin-gu\.m2\repository\xmlenc\xmlenc\0.52\xmlenc-0.52.jar;C:\Users\sachin-gu\.m2\repository\org\apache\httpcomponents\httpclient\4.5.2\httpclient-4.5.2.jar;C:\Users\sachin-gu\.m2\repository\org\apache\httpcomponents\httpcore\4.4.4\httpcore-4.4.4.jar;C:\Users\sachin-gu\.m2\repository\commons-codec\commons-codec\1.4\commons-codec-1.4.jar;C:\Users\sachin-gu\.m2\repository\commons-io\commons-io\2.4\commons-io-2.4.jar;C:\Users\sachin-gu\.m2\repository\commons-net\commons-net\3.1\commons-net-3.1.jar;C:\Users\sachin-gu\.m2\repository\commons-collections\commons-collections\3.2.2\commons-collections-3.2.2.jar;C:\Users\sachin-gu\.m2\repository\javax\servlet\servlet-api\2.5\servlet-api-2.5.jar;C:\Users\sachin-gu\.m2\repository\org\mortbay\jetty\jetty\6.1.26\jetty-6.1.26.jar;C:\Users\sachin-gu\.m2\repository\org\mortbay\jetty\jetty-util\6.1.26\jetty-util-6.1.26.jar;C:\Users\sachin-gu\.m2\repository\org\mortbay\jetty\jetty-sslengine\6.1.26\jetty-sslengine-6.1.26.jar;C:\Users\sachin-gu\.m2\repository\javax\servlet\jsp\jsp-api\2.1\jsp-api-2.1.jar;C:\Users\sachin-gu\.m2\repository\com\sun\jersey\jersey-core\1.9\jersey-core-1.9.jar;C:\Users\sachin-gu\.m2\repository\com\sun\jersey\jersey-json\1.9\jersey-json-1.9.jar;C:\Users\sachin-gu\.m2\repository\org\codehaus\jettison\jettison\1.1\jettison-1.1.jar;C:\Users\sachin-gu\.m2\repository\com\sun\xml\bind\jaxb-impl\2.2.3-1\jaxb-impl-2.2.3-1.jar;C:\Users\sachin-gu\.m2\repository\org\codehaus\jackson\jackson-jaxrs\1.8.3\jackson-jaxrs-1.8.3.jar;C:\Users\sachin-gu\.m2\repository\org\codehaus\jackson\jackson-xc\1.8.3\jackson-xc-1.8.3.jar;C:\Users\sachin-gu\.m2\repository\com\sun\jersey\jersey-server\1.9\jersey-server-1.9.jar;C:\Users\sachin-gu\.m2\repository\asm\asm\3.1\asm-3.1.jar;C:\Users\sachin-gu\.m2\repository\commons-logging\commons-logging\1.1.3\commons-logging-1.1.3.jar;C:\Users\sachin-gu\.m2\repository\log4j\log4j\1.2.17\log4j-1.2.17.jar;C:\Users\sachin-gu\.m2\repository\net\java\dev\jets3t\jets3t\0.9.0\jets3t-0.9.0.jar;C:\Users\sachin-gu\.m2\repository\com\jamesmurty\utils\java-xmlbuilder\0.4\java-xmlbuilder-0.4.jar;C:\Users\sachin-gu\.m2\repository\commons-lang\commons-lang\2.6\commons-lang-2.6.jar;C:\Users\sachin-gu\.m2\repository\commons-configuration\commons-configuration\1.6\commons-configuration-1.6.jar;C:\Users\sachin-gu\.m2\repository\commons-digester\commons-digester\1.8\commons-digester-1.8.jar;C:\Users\sachin-gu\.m2\repository\commons-beanutils\commons-beanutils\1.9.4\commons-beanutils-1.9.4.jar;C:\Users\sachin-gu\.m2\repository\org\apache\commons\commons-lang3\3.4\commons-lang3-3.4.jar;C:\Users\sachin-gu\.m2\repository\org\slf4j\slf4j-api\1.7.25\slf4j-api-1.7.25.jar;C:\Users\sachin-gu\.m2\repository\org\slf4j\slf4j-log4j12\1.7.25\slf4j-log4j12-1.7.25.jar;C:\Users\sachin-gu\.m2\repository\org\codehaus\jackson\jackson-core-asl\1.9.13\jackson-core-asl-1.9.13.jar;C:\Users\sachin-gu\.m2\repository\org\codehaus\jackson\jackson-mapper-asl\1.9.13\jackson-mapper-asl-1.9.13.jar;C:\Users\sachin-gu\.m2\repository\org\apache\avro\avro\1.7.7\avro-1.7.7.jar;C:\Users\sachin-gu\.m2\repository\com\thoughtworks\paranamer\paranamer\2.3\paranamer-2.3.jar;C:\Users\sachin-gu\.m2\repository\org\xerial\snappy\snappy-java\1.0.5\snappy-java-1.0.5.jar;C:\Users\sachin-gu\.m2\repository\com\google\protobuf\protobuf-java\2.5.0\protobuf-java-2.5.0.jar;C:\Users\sachin-gu\.m2\repository\com\google\code\gson\gson\2.2.4\gson-2.2.4.jar;C:\Users\sachin-gu\.m2\repository\org\apache\hadoop\hadoop-auth\2.10.1\hadoop-auth-2.10.1.jar;C:\Users\sachin-gu\.m2\repository\com\nimbusds\nimbus-jose-jwt\7.9\nimbus-jose-jwt-7.9.jar;C:\Users\sachin-gu\.m2\repository\com\github\stephenc\jcip\jcip-annotations\1.0-1\jcip-annotations-1.0-1.jar;C:\Users\sachin-gu\.m2\repository\net\minidev\json-smart\2.3\json-smart-2.3.jar;C:\Users\sachin-gu\.m2\repository\net\minidev\accessors-smart\1.2\accessors-smart-1.2.jar;C:\Users\sachin-gu\.m2\repository\org\ow2\asm\asm\5.0.4\asm-5.0.4.jar;C:\Users\sachin-gu\.m2\repository\org\apache\directory\server\apacheds-kerberos-codec\2.0.0-M15\apacheds-kerberos-codec-2.0.0-M15.jar;C:\Users\sachin-gu\.m2\repository\org\apache\directory\server\apacheds-i18n\2.0.0-M15\apacheds-i18n-2.0.0-M15.jar;C:\Users\sachin-gu\.m2\repository\org\apache\directory\api\api-asn1-api\1.0.0-M20\api-asn1-api-1.0.0-M20.jar;C:\Users\sachin-gu\.m2\repository\org\apache\directory\api\api-util\1.0.0-M20\api-util-1.0.0-M20.jar;C:\Users\sachin-gu\.m2\repository\org\apache\curator\curator-framework\2.13.0\curator-framework-2.13.0.jar;C:\Users\sachin-gu\.m2\repository\com\jcraft\jsch\0.1.55\jsch-0.1.55.jar;C:\Users\sachin-gu\.m2\repository\org\apache\curator\curator-client\2.13.0\curator-client-2.13.0.jar;C:\Users\sachin-gu\.m2\repository\org\apache\curator\curator-recipes\2.13.0\curator-recipes-2.13.0.jar;C:\Users\sachin-gu\.m2\repository\com\google\code\findbugs\jsr305\3.0.2\jsr305-3.0.2.jar;C:\Users\sachin-gu\.m2\repository\org\apache\htrace\htrace-core4\4.1.0-incubating\htrace-core4-4.1.0-incubating.jar;C:\Users\sachin-gu\.m2\repository\org\apache\zookeeper\zookeeper\3.4.14\zookeeper-3.4.14.jar;C:\Users\sachin-gu\.m2\repository\com\github\spotbugs\spotbugs-annotations\3.1.9\spotbugs-annotations-3.1.9.jar;C:\Users\sachin-gu\.m2\repository\org\apache\yetus\audience-annotations\0.5.0\audience-annotations-0.5.0.jar;C:\Users\sachin-gu\.m2\repository\org\apache\commons\commons-compress\1.19\commons-compress-1.19.jar;C:\Users\sachin-gu\.m2\repository\org\codehaus\woodstox\stax2-api\3.1.4\stax2-api-3.1.4.jar;C:\Users\sachin-gu\.m2\repository\com\fasterxml\woodstox\woodstox-core\5.0.3\woodstox-core-5.0.3.jar;C:\Users\sachin-gu\.m2\repository\org\apache\hadoop\hadoop-client\2.10.1\hadoop-client-2.10.1.jar;C:\Users\sachin-gu\.m2\repository\org\apache\hadoop\hadoop-hdfs-client\2.10.1\hadoop-hdfs-client-2.10.1.jar;C:\Users\sachin-gu\.m2\repository\com\squareup\okhttp\okhttp\2.7.5\okhttp-2.7.5.jar;C:\Users\sachin-gu\.m2\repository\com\squareup\okio\okio\1.6.0\okio-1.6.0.jar;C:\Users\sachin-gu\.m2\repository\org\apache\hadoop\hadoop-mapreduce-client-app\2.10.1\hadoop-mapreduce-client-app-2.10.1.jar;C:\Users\sachin-gu\.m2\repository\org\apache\hadoop\hadoop-mapreduce-client-common\2.10.1\hadoop-mapreduce-client-common-2.10.1.jar;C:\Users\sachin-gu\.m2\repository\org\apache\hadoop\hadoop-mapreduce-client-shuffle\2.10.1\hadoop-mapreduce-client-shuffle-2.10.1.jar;C:\Users\sachin-gu\.m2\repository\org\apache\hadoop\hadoop-yarn-server-common\2.10.1\hadoop-yarn-server-common-2.10.1.jar;C:\Users\sachin-gu\.m2\repository\org\apache\hadoop\hadoop-yarn-registry\2.10.1\hadoop-yarn-registry-2.10.1.jar;C:\Users\sachin-gu\.m2\repository\org\apache\geronimo\specs\geronimo-jcache_1.0_spec\1.0-alpha-1\geronimo-jcache_1.0_spec-1.0-alpha-1.jar;C:\Users\sachin-gu\.m2\repository\org\ehcache\ehcache\3.3.1\ehcache-3.3.1.jar;C:\Users\sachin-gu\.m2\repository\com\zaxxer\HikariCP-java7\2.4.12\HikariCP-java7-2.4.12.jar;C:\Users\sachin-gu\.m2\repository\com\microsoft\sqlserver\mssql-jdbc\6.2.1.jre7\mssql-jdbc-6.2.1.jre7.jar;C:\Users\sachin-gu\.m2\repository\org\fusesource\leveldbjni\leveldbjni-all\1.8\leveldbjni-all-1.8.jar;C:\Users\sachin-gu\.m2\repository\org\apache\hadoop\hadoop-yarn-api\2.10.1\hadoop-yarn-api-2.10.1.jar;C:\Users\sachin-gu\.m2\repository\javax\xml\bind\jaxb-api\2.2.2\jaxb-api-2.2.2.jar;C:\Users\sachin-gu\.m2\repository\javax\xml\stream\stax-api\1.0-2\stax-api-1.0-2.jar;C:\Users\sachin-gu\.m2\repository\javax\activation\activation\1.1\activation-1.1.jar;C:\Users\sachin-gu\.m2\repository\org\apache\hadoop\hadoop-mapreduce-client-jobclient\2.10.1\hadoop-mapreduce-client-jobclient-2.10.1.jar;C:\Users\sachin-gu\.m2\repository\org\apache\hadoop\hadoop-mapreduce-client-core\2.10.1\hadoop-mapreduce-client-core-2.10.1.jar;C:\Users\sachin-gu\.m2\repository\org\apache\hadoop\hadoop-yarn-client\2.10.1\hadoop-yarn-client-2.10.1.jar;C:\Users\sachin-gu\.m2\repository\org\apache\hadoop\hadoop-yarn-common\2.10.1\hadoop-yarn-common-2.10.1.jar;C:\Users\sachin-gu\.m2\repository\com\sun\jersey\jersey-client\1.9\jersey-client-1.9.jar;C:\Users\sachin-gu\.m2\repository\com\google\inject\guice\3.0\guice-3.0.jar;C:\Users\sachin-gu\.m2\repository\javax\inject\javax.inject\1\javax.inject-1.jar;C:\Users\sachin-gu\.m2\repository\aopalliance\aopalliance\1.0\aopalliance-1.0.jar;C:\Users\sachin-gu\.m2\repository\com\sun\jersey\contribs\jersey-guice\1.9\jersey-guice-1.9.jar;C:\Users\sachin-gu\.m2\repository\com\google\inject\extensions\guice-servlet\3.0\guice-servlet-3.0.jar;C:\Users\sachin-gu\.m2\repository\io\netty\netty\3.10.6.Final\netty-3.10.6.Final.jar;C:\Users\sachin-gu\.m2\repository\org\junit\jupiter\junit-jupiter-engine\5.7.1\junit-jupiter-engine-5.7.1.jar;C:\Users\sachin-gu\.m2\repository\org\apiguardian\apiguardian-api\1.1.0\apiguardian-api-1.1.0.jar;C:\Users\sachin-gu\.m2\repository\org\junit\platform\junit-platform-engine\1.7.1\junit-platform-engine-1.7.1.jar;C:\Users\sachin-gu\.m2\repository\org\opentest4j\opentest4j\1.2.0\opentest4j-1.2.0.jar;C:\Users\sachin-gu\.m2\repository\org\junit\platform\junit-platform-commons\1.7.1\junit-platform-commons-1.7.1.jar;C:\Users\sachin-gu\.m2\repository\org\junit\jupiter\junit-jupiter-api\5.7.1\junit-jupiter-api-5.7.1.jar;C:\Users\sachin-gu\.m2\repository\org\junit\jupiter\junit-jupiter-params\5.7.1\junit-jupiter-params-5.7.1.jar;C:\Users\sachin-gu\.m2\repository\org\junit\platform\junit-platform-runner\1.7.1\junit-platform-runner-1.7.1.jar;C:\Users\sachin-gu\.m2\repository\junit\junit\4.13\junit-4.13.jar;C:\Users\sachin-gu\.m2\repository\org\hamcrest\hamcrest-core\1.3\hamcrest-core-1.3.jar;C:\Users\sachin-gu\.m2\repository\org\junit\platform\junit-platform-launcher\1.7.1\junit-platform-launcher-1.7.1.jar;C:\Users\sachin-gu\.m2\repository\org\junit\platform\junit-platform-suite-api\1.7.1\junit-platform-suite-api-1.7.1.jar;src/test/;"/>
    <property name="java.vm.vendor" value="Oracle Corporation"/>
    <property name="sun.arch.data.model" value="64"/>
    <property name="user.variant" value=""/>
    <property name="java.vendor.url" value="http://java.oracle.com/"/>
    <property name="user.timezone" value="Asia/Calcutta"/>
    <property name="java.vm.specification.version" value="1.8"/>
    <property name="os.name" value="Windows 10"/>
    <property name="user.country" value="IN"/>
    <property name="sun.java.launcher" value="SUN_STANDARD"/>
    <property name="sun.boot.library.path" value="C:\Program Files\Java\jdk1.8.0_241\jre\bin"/>
    <property name="sun.java.command" value="C:\Users\sachin-gu\AppData\Local\Temp\surefire5634824384260456974\surefirebooter1832495595848751896.jar C:\Users\sachin-gu\AppData\Local\Temp\surefire5634824384260456974 2021-05-04T17-25-01_195-jvmRun1 surefire1520106094303336003tmp surefire_04342281025925285019tmp"/>
    <property name="surefire.test.class.path" value="C:\MyData\Workspace\assignment\target\test-classes;C:\MyData\Workspace\assignment\target\classes;C:\Users\sachin-gu\.m2\repository\org\apache\hadoop\hadoop-common\2.10.1\hadoop-common-2.10.1.jar;C:\Users\sachin-gu\.m2\repository\org\apache\hadoop\hadoop-annotations\2.10.1\hadoop-annotations-2.10.1.jar;C:\Program Files\Java\jdk1.8.0_241\jre\..\lib\tools.jar;C:\Users\sachin-gu\.m2\repository\com\google\guava\guava\11.0.2\guava-11.0.2.jar;C:\Users\sachin-gu\.m2\repository\commons-cli\commons-cli\1.2\commons-cli-1.2.jar;C:\Users\sachin-gu\.m2\repository\org\apache\commons\commons-math3\3.1.1\commons-math3-3.1.1.jar;C:\Users\sachin-gu\.m2\repository\xmlenc\xmlenc\0.52\xmlenc-0.52.jar;C:\Users\sachin-gu\.m2\repository\org\apache\httpcomponents\httpclient\4.5.2\httpclient-4.5.2.jar;C:\Users\sachin-gu\.m2\repository\org\apache\httpcomponents\httpcore\4.4.4\httpcore-4.4.4.jar;C:\Users\sachin-gu\.m2\repository\commons-codec\commons-codec\1.4\commons-codec-1.4.jar;C:\Users\sachin-gu\.m2\repository\commons-io\commons-io\2.4\commons-io-2.4.jar;C:\Users\sachin-gu\.m2\repository\commons-net\commons-net\3.1\commons-net-3.1.jar;C:\Users\sachin-gu\.m2\repository\commons-collections\commons-collections\3.2.2\commons-collections-3.2.2.jar;C:\Users\sachin-gu\.m2\repository\javax\servlet\servlet-api\2.5\servlet-api-2.5.jar;C:\Users\sachin-gu\.m2\repository\org\mortbay\jetty\jetty\6.1.26\jetty-6.1.26.jar;C:\Users\sachin-gu\.m2\repository\org\mortbay\jetty\jetty-util\6.1.26\jetty-util-6.1.26.jar;C:\Users\sachin-gu\.m2\repository\org\mortbay\jetty\jetty-sslengine\6.1.26\jetty-sslengine-6.1.26.jar;C:\Users\sachin-gu\.m2\repository\javax\servlet\jsp\jsp-api\2.1\jsp-api-2.1.jar;C:\Users\sachin-gu\.m2\repository\com\sun\jersey\jersey-core\1.9\jersey-core-1.9.jar;C:\Users\sachin-gu\.m2\repository\com\sun\jersey\jersey-json\1.9\jersey-json-1.9.jar;C:\Users\sachin-gu\.m2\repository\org\codehaus\jettison\jettison\1.1\jettison-1.1.jar;C:\Users\sachin-gu\.m2\repository\com\sun\xml\bind\jaxb-impl\2.2.3-1\jaxb-impl-2.2.3-1.jar;C:\Users\sachin-gu\.m2\repository\org\codehaus\jackson\jackson-jaxrs\1.8.3\jackson-jaxrs-1.8.3.jar;C:\Users\sachin-gu\.m2\repository\org\codehaus\jackson\jackson-xc\1.8.3\jackson-xc-1.8.3.jar;C:\Users\sachin-gu\.m2\repository\com\sun\jersey\jersey-server\1.9\jersey-server-1.9.jar;C:\Users\sachin-gu\.m2\repository\asm\asm\3.1\asm-3.1.jar;C:\Users\sachin-gu\.m2\repository\commons-logging\commons-logging\1.1.3\commons-logging-1.1.3.jar;C:\Users\sachin-gu\.m2\repository\log4j\log4j\1.2.17\log4j-1.2.17.jar;C:\Users\sachin-gu\.m2\repository\net\java\dev\jets3t\jets3t\0.9.0\jets3t-0.9.0.jar;C:\Users\sachin-gu\.m2\repository\com\jamesmurty\utils\java-xmlbuilder\0.4\java-xmlbuilder-0.4.jar;C:\Users\sachin-gu\.m2\repository\commons-lang\commons-lang\2.6\commons-lang-2.6.jar;C:\Users\sachin-gu\.m2\repository\commons-configuration\commons-configuration\1.6\commons-configuration-1.6.jar;C:\Users\sachin-gu\.m2\repository\commons-digester\commons-digester\1.8\commons-digester-1.8.jar;C:\Users\sachin-gu\.m2\repository\commons-beanutils\commons-beanutils\1.9.4\commons-beanutils-1.9.4.jar;C:\Users\sachin-gu\.m2\repository\org\apache\commons\commons-lang3\3.4\commons-lang3-3.4.jar;C:\Users\sachin-gu\.m2\repository\org\slf4j\slf4j-api\1.7.25\slf4j-api-1.7.25.jar;C:\Users\sachin-gu\.m2\repository\org\slf4j\slf4j-log4j12\1.7.25\slf4j-log4j12-1.7.25.jar;C:\Users\sachin-gu\.m2\repository\org\codehaus\jackson\jackson-core-asl\1.9.13\jackson-core-asl-1.9.13.jar;C:\Users\sachin-gu\.m2\repository\org\codehaus\jackson\jackson-mapper-asl\1.9.13\jackson-mapper-asl-1.9.13.jar;C:\Users\sachin-gu\.m2\repository\org\apache\avro\avro\1.7.7\avro-1.7.7.jar;C:\Users\sachin-gu\.m2\repository\com\thoughtworks\paranamer\paranamer\2.3\paranamer-2.3.jar;C:\Users\sachin-gu\.m2\repository\org\xerial\snappy\snappy-java\1.0.5\snappy-java-1.0.5.jar;C:\Users\sachin-gu\.m2\repository\com\google\protobuf\protobuf-java\2.5.0\protobuf-java-2.5.0.jar;C:\Users\sachin-gu\.m2\repository\com\google\code\gson\gson\2.2.4\gson-2.2.4.jar;C:\Users\sachin-gu\.m2\repository\org\apache\hadoop\hadoop-auth\2.10.1\hadoop-auth-2.10.1.jar;C:\Users\sachin-gu\.m2\repository\com\nimbusds\nimbus-jose-jwt\7.9\nimbus-jose-jwt-7.9.jar;C:\Users\sachin-gu\.m2\repository\com\github\stephenc\jcip\jcip-annotations\1.0-1\jcip-annotations-1.0-1.jar;C:\Users\sachin-gu\.m2\repository\net\minidev\json-smart\2.3\json-smart-2.3.jar;C:\Users\sachin-gu\.m2\repository\net\minidev\accessors-smart\1.2\accessors-smart-1.2.jar;C:\Users\sachin-gu\.m2\repository\org\ow2\asm\asm\5.0.4\asm-5.0.4.jar;C:\Users\sachin-gu\.m2\repository\org\apache\directory\server\apacheds-kerberos-codec\2.0.0-M15\apacheds-kerberos-codec-2.0.0-M15.jar;C:\Users\sachin-gu\.m2\repository\org\apache\directory\server\apacheds-i18n\2.0.0-M15\apacheds-i18n-2.0.0-M15.jar;C:\Users\sachin-gu\.m2\repository\org\apache\directory\api\api-asn1-api\1.0.0-M20\api-asn1-api-1.0.0-M20.jar;C:\Users\sachin-gu\.m2\repository\org\apache\directory\api\api-util\1.0.0-M20\api-util-1.0.0-M20.jar;C:\Users\sachin-gu\.m2\repository\org\apache\curator\curator-framework\2.13.0\curator-framework-2.13.0.jar;C:\Users\sachin-gu\.m2\repository\com\jcraft\jsch\0.1.55\jsch-0.1.55.jar;C:\Users\sachin-gu\.m2\repository\org\apache\curator\curator-client\2.13.0\curator-client-2.13.0.jar;C:\Users\sachin-gu\.m2\repository\org\apache\curator\curator-recipes\2.13.0\curator-recipes-2.13.0.jar;C:\Users\sachin-gu\.m2\repository\com\google\code\findbugs\jsr305\3.0.2\jsr305-3.0.2.jar;C:\Users\sachin-gu\.m2\repository\org\apache\htrace\htrace-core4\4.1.0-incubating\htrace-core4-4.1.0-incubating.jar;C:\Users\sachin-gu\.m2\repository\org\apache\zookeeper\zookeeper\3.4.14\zookeeper-3.4.14.jar;C:\Users\sachin-gu\.m2\repository\com\github\spotbugs\spotbugs-annotations\3.1.9\spotbugs-annotations-3.1.9.jar;C:\Users\sachin-gu\.m2\repository\org\apache\yetus\audience-annotations\0.5.0\audience-annotations-0.5.0.jar;C:\Users\sachin-gu\.m2\repository\org\apache\commons\commons-compress\1.19\commons-compress-1.19.jar;C:\Users\sachin-gu\.m2\repository\org\codehaus\woodstox\stax2-api\3.1.4\stax2-api-3.1.4.jar;C:\Users\sachin-gu\.m2\repository\com\fasterxml\woodstox\woodstox-core\5.0.3\woodstox-core-5.0.3.jar;C:\Users\sachin-gu\.m2\repository\org\apache\hadoop\hadoop-client\2.10.1\hadoop-client-2.10.1.jar;C:\Users\sachin-gu\.m2\repository\org\apache\hadoop\hadoop-hdfs-client\2.10.1\hadoop-hdfs-client-2.10.1.jar;C:\Users\sachin-gu\.m2\repository\com\squareup\okhttp\okhttp\2.7.5\okhttp-2.7.5.jar;C:\Users\sachin-gu\.m2\repository\com\squareup\okio\okio\1.6.0\okio-1.6.0.jar;C:\Users\sachin-gu\.m2\repository\org\apache\hadoop\hadoop-mapreduce-client-app\2.10.1\hadoop-mapreduce-client-app-2.10.1.jar;C:\Users\sachin-gu\.m2\repository\org\apache\hadoop\hadoop-mapreduce-client-common\2.10.1\hadoop-mapreduce-client-common-2.10.1.jar;C:\Users\sachin-gu\.m2\repository\org\apache\hadoop\hadoop-mapreduce-client-shuffle\2.10.1\hadoop-mapreduce-client-shuffle-2.10.1.jar;C:\Users\sachin-gu\.m2\repository\org\apache\hadoop\hadoop-yarn-server-common\2.10.1\hadoop-yarn-server-common-2.10.1.jar;C:\Users\sachin-gu\.m2\repository\org\apache\hadoop\hadoop-yarn-registry\2.10.1\hadoop-yarn-registry-2.10.1.jar;C:\Users\sachin-gu\.m2\repository\org\apache\geronimo\specs\geronimo-jcache_1.0_spec\1.0-alpha-1\geronimo-jcache_1.0_spec-1.0-alpha-1.jar;C:\Users\sachin-gu\.m2\repository\org\ehcache\ehcache\3.3.1\ehcache-3.3.1.jar;C:\Users\sachin-gu\.m2\repository\com\zaxxer\HikariCP-java7\2.4.12\HikariCP-java7-2.4.12.jar;C:\Users\sachin-gu\.m2\repository\com\microsoft\sqlserver\mssql-jdbc\6.2.1.jre7\mssql-jdbc-6.2.1.jre7.jar;C:\Users\sachin-gu\.m2\repository\org\fusesource\leveldbjni\leveldbjni-all\1.8\leveldbjni-all-1.8.jar;C:\Users\sachin-gu\.m2\repository\org\apache\hadoop\hadoop-yarn-api\2.10.1\hadoop-yarn-api-2.10.1.jar;C:\Users\sachin-gu\.m2\repository\javax\xml\bind\jaxb-api\2.2.2\jaxb-api-2.2.2.jar;C:\Users\sachin-gu\.m2\repository\javax\xml\stream\stax-api\1.0-2\stax-api-1.0-2.jar;C:\Users\sachin-gu\.m2\repository\javax\activation\activation\1.1\activation-1.1.jar;C:\Users\sachin-gu\.m2\repository\org\apache\hadoop\hadoop-mapreduce-client-jobclient\2.10.1\hadoop-mapreduce-client-jobclient-2.10.1.jar;C:\Users\sachin-gu\.m2\repository\org\apache\hadoop\hadoop-mapreduce-client-core\2.10.1\hadoop-mapreduce-client-core-2.10.1.jar;C:\Users\sachin-gu\.m2\repository\org\apache\hadoop\hadoop-yarn-client\2.10.1\hadoop-yarn-client-2.10.1.jar;C:\Users\sachin-gu\.m2\repository\org\apache\hadoop\hadoop-yarn-common\2.10.1\hadoop-yarn-common-2.10.1.jar;C:\Users\sachin-gu\.m2\repository\com\sun\jersey\jersey-client\1.9\jersey-client-1.9.jar;C:\Users\sachin-gu\.m2\repository\com\google\inject\guice\3.0\guice-3.0.jar;C:\Users\sachin-gu\.m2\repository\javax\inject\javax.inject\1\javax.inject-1.jar;C:\Users\sachin-gu\.m2\repository\aopalliance\aopalliance\1.0\aopalliance-1.0.jar;C:\Users\sachin-gu\.m2\repository\com\sun\jersey\contribs\jersey-guice\1.9\jersey-guice-1.9.jar;C:\Users\sachin-gu\.m2\repository\com\google\inject\extensions\guice-servlet\3.0\guice-servlet-3.0.jar;C:\Users\sachin-gu\.m2\repository\io\netty\netty\3.10.6.Final\netty-3.10.6.Final.jar;C:\Users\sachin-gu\.m2\repository\org\junit\jupiter\junit-jupiter-engine\5.7.1\junit-jupiter-engine-5.7.1.jar;C:\Users\sachin-gu\.m2\repository\org\apiguardian\apiguardian-api\1.1.0\apiguardian-api-1.1.0.jar;C:\Users\sachin-gu\.m2\repository\org\junit\platform\junit-platform-engine\1.7.1\junit-platform-engine-1.7.1.jar;C:\Users\sachin-gu\.m2\repository\org\opentest4j\opentest4j\1.2.0\opentest4j-1.2.0.jar;C:\Users\sachin-gu\.m2\repository\org\junit\platform\junit-platform-commons\1.7.1\junit-platform-commons-1.7.1.jar;C:\Users\sachin-gu\.m2\repository\org\junit\jupiter\junit-jupiter-api\5.7.1\junit-jupiter-api-5.7.1.jar;C:\Users\sachin-gu\.m2\repository\org\junit\jupiter\junit-jupiter-params\5.7.1\junit-jupiter-params-5.7.1.jar;C:\Users\sachin-gu\.m2\repository\org\junit\platform\junit-platform-runner\1.7.1\junit-platform-runner-1.7.1.jar;C:\Users\sachin-gu\.m2\repository\junit\junit\4.13\junit-4.13.jar;C:\Users\sachin-gu\.m2\repository\org\hamcrest\hamcrest-core\1.3\hamcrest-core-1.3.jar;C:\Users\sachin-gu\.m2\repository\org\junit\platform\junit-platform-launcher\1.7.1\junit-platform-launcher-1.7.1.jar;C:\Users\sachin-gu\.m2\repository\org\junit\platform\junit-platform-suite-api\1.7.1\junit-platform-suite-api-1.7.1.jar;src/test/;"/>
    <property name="sun.cpu.endian" value="little"/>
    <property name="user.home" value="C:\Users\sachin-gu"/>
    <property name="user.language" value="en"/>
    <property name="java.specification.vendor" value="Oracle Corporation"/>
    <property name="java.home" value="C:\Program Files\Java\jdk1.8.0_241\jre"/>
    <property name="basedir" value="C:\MyData\Workspace\assignment"/>
    <property name="file.separator" value="\"/>
    <property name="line.separator" value="&#10;"/>
    <property name="java.vm.specification.vendor" value="Oracle Corporation"/>
    <property name="java.specification.name" value="Java Platform API Specification"/>
    <property name="java.awt.graphicsenv" value="sun.awt.Win32GraphicsEnvironment"/>
    <property name="surefire.real.class.path" value="C:\Users\sachin-gu\AppData\Local\Temp\surefire5634824384260456974\surefirebooter1832495595848751896.jar"/>
    <property name="sun.boot.class.path" value="C:\Program Files\Java\jdk1.8.0_241\jre\lib\resources.jar;C:\Program Files\Java\jdk1.8.0_241\jre\lib\rt.jar;C:\Program Files\Java\jdk1.8.0_241\jre\lib\sunrsasign.jar;C:\Program Files\Java\jdk1.8.0_241\jre\lib\jsse.jar;C:\Program Files\Java\jdk1.8.0_241\jre\lib\jce.jar;C:\Program Files\Java\jdk1.8.0_241\jre\lib\charsets.jar;C:\Program Files\Java\jdk1.8.0_241\jre\lib\jfr.jar;C:\Program Files\Java\jdk1.8.0_241\jre\classes"/>
    <property name="user.script" value=""/>
    <property name="sun.management.compiler" value="HotSpot 64-Bit Tiered Compilers"/>
    <property name="java.runtime.version" value="1.8.0_241-b07"/>
    <property name="user.name" value="sachin-gu"/>
    <property name="path.separator" value=";"/>
    <property name="os.version" value="10.0"/>
    <property name="java.endorsed.dirs" value="C:\Program Files\Java\jdk1.8.0_241\jre\lib\endorsed"/>
    <property name="java.runtime.name" value="Java(TM) SE Runtime Environment"/>
    <property name="file.encoding" value="Cp1252"/>
    <property name="java.vm.name" value="Java HotSpot(TM) 64-Bit Server VM"/>
    <property name="localRepository" value="C:\Users\sachin-gu\.m2\repository"/>
    <property name="java.vendor.url.bug" value="http://bugreport.sun.com/bugreport/"/>
    <property name="java.io.tmpdir" value="C:\Users\SACHIN~1\AppData\Local\Temp\"/>
    <property name="java.version" value="1.8.0_241"/>
    <property name="user.dir" value="C:\MyData\Workspace\assignment"/>
    <property name="os.arch" value="amd64"/>
    <property name="java.vm.specification.name" value="Java Virtual Machine Specification"/>
    <property name="java.awt.printerjob" value="sun.awt.windows.WPrinterJob"/>
    <property name="sun.os.patch.level" value=""/>
    <property name="java.library.path" value="C:\Program Files\Java\jdk1.8.0_241\jre\bin;C:\WINDOWS\Sun\Java\bin;C:\WINDOWS\system32;C:\WINDOWS;C:/Program Files/Java/jre1.8.0_291/bin/server;C:/Program Files/Java/jre1.8.0_291/bin;C:/Program Files/Java/jre1.8.0_291/lib/amd64;C:\Program Files (x86)\Common Files\Oracle\Java\javapath;C:\WINDOWS\system32;C:\WINDOWS;C:\WINDOWS\System32\Wbem;C:\WINDOWS\System32\WindowsPowerShell\v1.0\;C:\WINDOWS\System32\OpenSSH\;C:\Windows\CCM;C:\Program Files\Git\cmd;C:\Program Files\Cloud Foundry;C:\Program Files\Java\jdk1.8.0_241\bin;C:\Program Files\Docker\Docker\resources\bin;C:\ProgramData\DockerDesktop\version-bin;C:\MyData\Programs\Python\Scripts\;C:\MyData\Programs\Python\;C:\Users\sachin-gu\AppData\Local\Microsoft\WindowsApps;C:\MyData\Programs\node;C:\MyData\Programs\apache-maven-3.6.3\bin;C:\MyData\Programs\winutils\hadoop-3.2.1\bin;C:\MyData\Programs\spark-3.1.1-bin-hadoop3.2\bin;;C:\MyData\Programs\eclipse;;."/>
    <property name="java.vm.info" value="mixed mode"/>
    <property name="java.vendor" value="Oracle Corporation"/>
    <property name="java.vm.version" value="25.241-b07"/>
    <property name="java.ext.dirs" value="C:\Program Files\Java\jdk1.8.0_241\jre\lib\ext;C:\WINDOWS\Sun\Java\lib\ext"/>
    <property name="sun.io.unicode.encoding" value="UnicodeLittle"/>
    <property name="java.class.version" value="52.0"/>
  </properties>
  <testcase name="shouldAnswerWithTrue" classname="me.sachingupta.assignment.AppTest" time="0.01"/>
</testsuite>